{
  "RSpec": {
    "coverage": {
      "/Users/kameron/turing_work/3mod/projects/market_money/app/models/market.rb": {
        "lines": [
          1,
          1,
          1,
          null,
          1,
          null
        ]
      },
      "/Users/kameron/turing_work/3mod/projects/market_money/app/models/application_record.rb": {
        "lines": [
          1,
          1,
          null
        ]
      },
      "/Users/kameron/turing_work/3mod/projects/market_money/app/models/market_vendor.rb": {
        "lines": [
          1,
          1,
          1,
          null,
          1,
          null
        ]
      },
      "/Users/kameron/turing_work/3mod/projects/market_money/app/models/vendor.rb": {
        "lines": [
          1,
          1,
          1,
          null,
          1,
          1,
          null
        ]
      },
      "/Users/kameron/turing_work/3mod/projects/market_money/app/poros/error_message.rb": {
        "lines": [
          1,
          1,
          null,
          1,
          10,
          10,
          null,
          null,
          1,
          9,
          3,
          6,
          5,
          null,
          1,
          null,
          null,
          null
        ]
      },
      "/Users/kameron/turing_work/3mod/projects/market_money/app/controllers/api/v0/markets_controller.rb": {
        "lines": [
          1,
          1,
          null,
          1,
          1,
          null,
          null,
          1,
          2,
          null,
          null
        ]
      },
      "/Users/kameron/turing_work/3mod/projects/market_money/app/controllers/application_controller.rb": {
        "lines": [
          1,
          1,
          2,
          null,
          null,
          null,
          1,
          4,
          null,
          null,
          null
        ]
      },
      "/Users/kameron/turing_work/3mod/projects/market_money/app/serializers/market_serializer.rb": {
        "lines": [
          1,
          1,
          1,
          null,
          1,
          1,
          null,
          1,
          9,
          null,
          null
        ]
      },
      "/Users/kameron/turing_work/3mod/projects/market_money/app/serializers/market_vendor_serializer.rb": {
        "lines": [
          1,
          1,
          1,
          null,
          1,
          1,
          null
        ]
      },
      "/Users/kameron/turing_work/3mod/projects/market_money/app/serializers/vendor_serializer.rb": {
        "lines": [
          1,
          1,
          1,
          null,
          1,
          1,
          null
        ]
      },
      "/Users/kameron/turing_work/3mod/projects/market_money/app/serializers/error_serializer.rb": {
        "lines": [
          1,
          1,
          7,
          null,
          null,
          1,
          null,
          6,
          null,
          null,
          null,
          null,
          null,
          null,
          null
        ]
      },
      "/Users/kameron/turing_work/3mod/projects/market_money/app/controllers/api/v0/market_vendors_controller.rb": {
        "lines": [
          1,
          1,
          1,
          null,
          1,
          1,
          null,
          0,
          null,
          null,
          null,
          1,
          null,
          1,
          1,
          null,
          null
        ]
      },
      "/Users/kameron/turing_work/3mod/projects/market_money/app/controllers/api/v0/vendors_controller.rb": {
        "lines": [
          1,
          1,
          null,
          1,
          0,
          null,
          null,
          1,
          2,
          null,
          null,
          1,
          2,
          null,
          2,
          1,
          null,
          1,
          null,
          null,
          null,
          1,
          3,
          2,
          1,
          null,
          1,
          null,
          null,
          0,
          null,
          null,
          null,
          1,
          2,
          1,
          1,
          null,
          0,
          null,
          null,
          null,
          1,
          null,
          1,
          4,
          null,
          null
        ]
      }
    },
    "timestamp": 1701907751
  }
}
