{
  "RSpec": {
    "coverage": {
      "/Users/kameron/turing_work/3mod/projects/market_money/app/models/market.rb": {
        "lines": [
          1,
          1,
          1,
          null,
          1,
          null
        ]
      },
      "/Users/kameron/turing_work/3mod/projects/market_money/app/models/application_record.rb": {
        "lines": [
          1,
          1,
          null
        ]
      },
      "/Users/kameron/turing_work/3mod/projects/market_money/app/models/vendor.rb": {
        "lines": [
          1,
          1,
          1,
          null,
          1,
          1,
          null
        ]
      },
      "/Users/kameron/turing_work/3mod/projects/market_money/app/controllers/api/v0/market_vendors_controller.rb": {
        "lines": [
          1,
          1,
          1,
          null,
          1,
          1,
          null,
          0,
          null,
          null,
          null,
          1,
          null,
          1,
          1,
          null,
          null
        ]
      },
      "/Users/kameron/turing_work/3mod/projects/market_money/app/controllers/application_controller.rb": {
        "lines": [
          1,
          1,
          0,
          null,
          null,
          null,
          1,
          0,
          null,
          null,
          null
        ]
      },
      "/Users/kameron/turing_work/3mod/projects/market_money/app/models/market_vendor.rb": {
        "lines": [
          1,
          1,
          1,
          null,
          1,
          null
        ]
      }
    },
    "timestamp": 1701961586
  }
}
